<?xml version="1.0" encoding="UTF-8"?>
<!-- Generated by org.testng.reporters.JUnitReportReporter -->
<testsuite skipped="0" hostname="Sujoy-PC" name="pack4.LaunchBrowser" tests="1" failures="0" timestamp="16 Mar 2019 17:19:02 GMT" time="5.522" errors="0">
  <testcase name="launch" time="5.522" classname="pack4.LaunchBrowser"/>
</testsuite> <!-- pack4.LaunchBrowser -->
