<?xml version="1.0" encoding="UTF-8"?>
<!-- Generated by org.testng.reporters.JUnitReportReporter -->
<testsuite skipped="0" hostname="Sujoy-PC" name="com.gs.selenium.testcases.QRCodeReader" tests="1" failures="0" timestamp="26 Feb 2019 15:57:07 GMT" time="0.234" errors="0">
  <testcase name="QRTest" time="0.234" classname="com.gs.selenium.testcases.QRCodeReader"/>
</testsuite> <!-- com.gs.selenium.testcases.QRCodeReader -->
