<?xml version="1.0" encoding="UTF-8"?>
<!-- Generated by org.testng.reporters.JUnitReportReporter -->
<testsuite skipped="0" hostname="Sujoy-PC" name="com.gs.selenium.testcases.QRCodeWriterEX" tests="1" failures="0" timestamp="09 Mar 2019 10:48:29 GMT" time="0.515" errors="0">
  <testcase name="generateQRCODE" time="0.515" classname="com.gs.selenium.testcases.QRCodeWriterEX"/>
</testsuite> <!-- com.gs.selenium.testcases.QRCodeWriterEX -->
