<?xml version="1.0" encoding="UTF-8"?>
<!-- Generated by org.testng.reporters.JUnitReportReporter -->
<testsuite skipped="0" hostname="Sujoy-PC" name="com.gs.selenium.testcases.LoginTest" tests="1" failures="0" timestamp="23 Mar 2019 04:57:16 GMT" time="8.592" errors="0">
  <testcase name="login" time="8.592" classname="com.gs.selenium.testcases.LoginTest"/>
</testsuite> <!-- com.gs.selenium.testcases.LoginTest -->
