<?xml version="1.0" encoding="UTF-8"?>
<!-- Generated by org.testng.reporters.JUnitReportReporter -->
<testsuite skipped="0" hostname="Sujoy-PC" name="com.gs.selenium.testcases.LoginTest" tests="1" failures="0" timestamp="27 Mar 2019 15:28:01 GMT" time="7.388" errors="0">
  <testcase name="login" time="7.388" classname="com.gs.selenium.testcases.LoginTest"/>
</testsuite> <!-- com.gs.selenium.testcases.LoginTest -->
